<?xml version="1.0" encoding="UTF-8"?>
<!-- Generated by org.testng.reporters.JUnitReportReporter -->
<testsuite hostname="LGS9612" failures="0" tests="1" name="Test_Scenarios.TestMethods" time="17.793" errors="0" timestamp="2022-05-28T18:31:35 EDT" skipped="0">
  <testcase classname="Test_Scenarios.TestMethods" name="AmazonOperations" time="17.793"/>
  <system-out/>
</testsuite> <!-- Test_Scenarios.TestMethods -->
